#
# A fatal error has been detected by the Java Runtime Environment:
#
#  EXCEPTION_ACCESS_VIOLATION (0xc0000005) at pc=0x7260d645, pid=7164, tid=0x00002c64
#
# JRE version: Java(TM) SE Runtime Environment (8.0_201-b09) (build 1.8.0_201-b09)
# Java VM: Java HotSpot(TM) Client VM (25.201-b09 mixed mode windows-x86 )
# Problematic frame:
# V  [jvm.dll+0xad645]
#
# Failed to write core dump. Minidumps are not enabled by default on client versions of Windows
#
# If you would like to submit a bug report, please visit:
#   http://bugreport.java.com/bugreport/crash.jsp
#

---------------  T H R E A D  ---------------

Current thread (0x02b5e800):  VMThread [stack: 0x15390000,0x153e0000] [id=11364]

siginfo: ExceptionCode=0xc0000005, reading address 0x14f52d8e

Registers:
EAX=0x0000cb30, EBX=0x00000000, ECX=0x14f200a0, EDX=0x14f20960
ESP=0x153deba0, EBP=0x153deba0, ESI=0x153df108, EDI=0x153df028
EIP=0x7260d645, EFLAGS=0x00010206

Top of Stack: (sp=0x153deba0)
0x153deba0:   153deff0 72613b8d 000000ca 00000000
0x153debb0:   153df028 153df108 00000020 72846d08
0x153debc0:   02aa8358 00000018 00000000 0000000e
0x153debd0:   153debd8 00000002 4fffffff 4fffffff
0x153debe0:   00000003 4fffffff 4fffffff 4fffffff
0x153debf0:   02ad70d4 02ad70d4 ffffffff 153df108
0x153dec00:   153df058 72613ca0 153df090 02ad70c8
0x153dec10:   02ad70d4 00000000 153df090 153df108 

Instructions: (pc=0x7260d645)
0x7260d625:   00 0f b7 44 81 2e 0f b7 44 81 2e 8b 44 81 2c 5d
0x7260d635:   c2 08 00 03 c0 8d 44 c2 08 8b 00 25 ff ff 00 00
0x7260d645:   0f b7 44 81 2e 0f b7 54 81 2e 8b 44 91 2c 5d c2
0x7260d655:   08 00 8b 51 04 80 7c 02 04 12 8d 54 02 04 74 c1 


Register to memory mapping:

EAX=0x0000cb30 is an unknown value
EBX=0x00000000 is an unknown value
ECX=0x14f200a0 is pointing into metadata
EDX=0x14f20960 is pointing into metadata
ESP=0x153deba0 is an unknown value
EBP=0x153deba0 is an unknown value
ESI=0x153df108 is an unknown value
EDI=0x153df028 is an unknown value


Stack: [0x15390000,0x153e0000],  sp=0x153deba0,  free space=314k
Native frames: (J=compiled Java code, j=interpreted, Vv=VM code, C=native code)
V  [jvm.dll+0xad645]
V  [jvm.dll+0xb3b8d]
V  [jvm.dll+0xb5570]
V  [jvm.dll+0xb631c]
V  [jvm.dll+0xb6692]
V  [jvm.dll+0x87a31]
V  [jvm.dll+0x880ad]
V  [jvm.dll+0x881f8]
V  [jvm.dll+0x88448]
V  [jvm.dll+0xbeb3f]
V  [jvm.dll+0xce8cb]
V  [jvm.dll+0x12381d]
V  [jvm.dll+0x184e7b]
V  [jvm.dll+0x184291]
V  [jvm.dll+0x1846a7]
V  [jvm.dll+0x1848a2]
V  [jvm.dll+0x1c6a76]
C  [msvcr100.dll+0x5c556]
C  [msvcr100.dll+0x5c600]
C  [KERNEL32.DLL+0x20419]
C  [ntdll.dll+0x6662d]
C  [ntdll.dll+0x665fd]

VM_Operation (0x157af490): GetOrSetLocal, mode: safepoint, requested by thread 0x15187000


---------------  P R O C E S S  ---------------

Java Threads: ( => current thread )
  0x1519fc00 JavaThread "Service Thread" daemon [_thread_blocked, id=2104, stack(0x159a0000,0x159f0000)]
  0x1519a000 JavaThread "C1 CompilerThread0" daemon [_thread_blocked, id=8316, stack(0x15910000,0x15960000)]
  0x15193800 JavaThread "JDWP Command Reader" daemon [_thread_in_native, id=12176, stack(0x15880000,0x158d0000)]
  0x15192800 JavaThread "JDWP Event Helper Thread" daemon [_thread_blocked, id=9240, stack(0x157f0000,0x15840000)]
  0x15187000 JavaThread "JDWP Transport Listener: dt_socket" daemon [_thread_blocked, id=6448, stack(0x15760000,0x157b0000)]
  0x15189c00 JavaThread "Attach Listener" daemon [_thread_blocked, id=11360, stack(0x156d0000,0x15720000)]
  0x15187c00 JavaThread "Signal Dispatcher" daemon [_thread_blocked, id=8700, stack(0x15640000,0x15690000)]
  0x15168400 JavaThread "Finalizer" daemon [_thread_blocked, id=8620, stack(0x154b0000,0x15500000)]
  0x15166000 JavaThread "Reference Handler" daemon [_thread_blocked, id=2908, stack(0x15420000,0x15470000)]
  0x0102dc00 JavaThread "main" [_thread_blocked, id=13060, stack(0x029c0000,0x02a10000)]

Other Threads:
=>0x02b5e800 VMThread [stack: 0x15390000,0x153e0000] [id=11364]
  0x151a1c00 WatcherThread [stack: 0x15a30000,0x15a80000] [id=80]

VM state:at safepoint (normal execution)

VM Mutex/Monitor currently owned by a thread:  ([mutex/lock_event])
[0x0102c1b8] Threads_lock - owner thread: 0x02b5e800

Heap:
 def new generation   total 4928K, used 813K [0x04c00000, 0x05150000, 0x0a150000)
  eden space 4416K,  18% used [0x04c00000, 0x04ccb738, 0x05050000)
  from space 512K,   0% used [0x05050000, 0x05050000, 0x050d0000)
  to   space 512K,   0% used [0x050d0000, 0x050d0000, 0x05150000)
 tenured generation   total 10944K, used 0K [0x0a150000, 0x0ac00000, 0x14c00000)
   the space 10944K,   0% used [0x0a150000, 0x0a150000, 0x0a150200, 0x0ac00000)
 Metaspace       used 1854K, capacity 2280K, committed 2368K, reserved 4480K

Card table byte_map: [0x14c00000,0x14c90000] byte_map_base: 0x14bda000

Polling page: 0x01000000

CodeCache: size=32768Kb used=714Kb max_used=714Kb free=32053Kb
 bounds [0x02b60000, 0x02c18000, 0x04b60000]
 total_blobs=158 nmethods=27 adapters=71
 compilation: enabled

Compilation events (10 events):
Event: 0.558 Thread 0x1519a000   23   !         java.io.BufferedReader::readLine (304 bytes)
Event: 0.560 Thread 0x1519a000 nmethod 23 0x02c0fa48 code [0x02c0fc10, 0x02c10864]
Event: 0.562 Thread 0x1519a000   24             java.io.WinNTFileSystem::normalize (143 bytes)
Event: 0.563 Thread 0x1519a000 nmethod 24 0x02c11388 code [0x02c114e0, 0x02c1178c]
Event: 12.664 Thread 0x1519a000   25             java.lang.Math::min (11 bytes)
Event: 12.664 Thread 0x1519a000 nmethod 25 0x02c11ac8 code [0x02c11bc0, 0x02c11c30]
Event: 12.664 Thread 0x1519a000   26             java.lang.String::indexOf (166 bytes)
Event: 12.666 Thread 0x1519a000 nmethod 26 0x02c11c88 code [0x02c11da0, 0x02c11ff0]
Event: 12.666 Thread 0x1519a000   27             java.lang.String::replace (127 bytes)
Event: 12.667 Thread 0x1519a000 nmethod 27 0x02c12348 code [0x02c12460, 0x02c126f0]

GC Heap History (0 events):
No events

Deoptimization events (0 events):
No events

Classes redefined (3 events):
Event: 107.891 Thread 0x02b5e800 redefined class name=task3.Palindrome$1, count=1
Event: 107.891 Thread 0x02b5e800 redefined class name=task3.Palindrome, count=1
Event: 226.570 Thread 0x02b5e800 redefined class name=task3.Palindrome, count=2

Internal exceptions (2 events):
Event: 0.089 Thread 0x0102dc00 Exception <a 'java/lang/NoSuchMethodError': Method sun.misc.Unsafe.defineClass(Ljava/lang/String;[BII)Ljava/lang/Class; name or signature does not match> (0x04c06ea8) thrown at [C:\re\workspace\8-2-build-windows-i586-cygwin\jdk8u201\12322\hotspot\src\shar
Event: 0.089 Thread 0x0102dc00 Exception <a 'java/lang/NoSuchMethodError': Method sun.misc.Unsafe.prefetchRead(Ljava/lang/Object;J)V name or signature does not match> (0x04c07178) thrown at [C:\re\workspace\8-2-build-windows-i586-cygwin\jdk8u201\12322\hotspot\src\share\vm\prims\jni.cpp

Events (10 events):
Event: 226.588 Executing VM operation: ChangeBreakpoints done
Event: 226.590 Executing VM operation: ChangeBreakpoints
Event: 226.590 Executing VM operation: ChangeBreakpoints done
Event: 226.788 Executing VM operation: ChangeBreakpoints
Event: 226.788 Executing VM operation: ChangeBreakpoints done
Event: 226.811 Executing VM operation: GetOrSetLocal
Event: 226.812 Executing VM operation: GetOrSetLocal done
Event: 226.894 Executing VM operation: GetOrSetLocal
Event: 226.894 Executing VM operation: GetOrSetLocal done
Event: 226.990 Executing VM operation: GetOrSetLocal


Dynamic libraries:
0x00cc0000 - 0x00cf3000 	C:\Program Files (x86)\Java\jdk1.8.0_201\bin\java.exe
0x76e80000 - 0x7701c000 	C:\WINDOWS\SYSTEM32\ntdll.dll
0x75310000 - 0x753f0000 	C:\WINDOWS\System32\KERNEL32.DLL
0x75590000 - 0x7578a000 	C:\WINDOWS\System32\KERNELBASE.dll
0x74360000 - 0x743fc000 	C:\WINDOWS\SYSTEM32\apphelp.dll
0x74a60000 - 0x74ade000 	C:\WINDOWS\System32\ADVAPI32.dll
0x75450000 - 0x75510000 	C:\WINDOWS\System32\msvcrt.dll
0x76980000 - 0x769f9000 	C:\WINDOWS\System32\sechost.dll
0x74b10000 - 0x74bcf000 	C:\WINDOWS\System32\RPCRT4.dll
0x74410000 - 0x74430000 	C:\WINDOWS\System32\SspiCli.dll
0x74400000 - 0x7440a000 	C:\WINDOWS\System32\CRYPTBASE.dll
0x749f0000 - 0x74a52000 	C:\WINDOWS\System32\bcryptPrimitives.dll
0x75db0000 - 0x75f49000 	C:\WINDOWS\System32\USER32.dll
0x74af0000 - 0x74b07000 	C:\WINDOWS\System32\win32u.dll
0x75020000 - 0x75043000 	C:\WINDOWS\System32\GDI32.dll
0x74880000 - 0x749e7000 	C:\WINDOWS\System32\gdi32full.dll
0x74c90000 - 0x74d10000 	C:\WINDOWS\System32\msvcp_win.dll
0x75050000 - 0x75172000 	C:\WINDOWS\System32\ucrtbase.dll
0x72a40000 - 0x72c4f000 	C:\WINDOWS\WinSxS\x86_microsoft.windows.common-controls_6595b64144ccf1df_6.0.17763.475_none_4d61737d1b9c5572\COMCTL32.dll
0x74d40000 - 0x74fb8000 	C:\WINDOWS\System32\combase.dll
0x74d10000 - 0x74d35000 	C:\WINDOWS\System32\IMM32.DLL
0x72940000 - 0x729ff000 	C:\Program Files (x86)\Java\jdk1.8.0_201\jre\bin\msvcr100.dll
0x72560000 - 0x72935000 	C:\Program Files (x86)\Java\jdk1.8.0_201\jre\bin\client\jvm.dll
0x764c0000 - 0x764c6000 	C:\WINDOWS\System32\PSAPI.DLL
0x73280000 - 0x73288000 	C:\WINDOWS\SYSTEM32\WSOCK32.dll
0x74bd0000 - 0x74c2f000 	C:\WINDOWS\System32\WS2_32.dll
0x74130000 - 0x74154000 	C:\WINDOWS\SYSTEM32\WINMM.dll
0x73740000 - 0x73748000 	C:\WINDOWS\SYSTEM32\VERSION.dll
0x73ba0000 - 0x73bc3000 	C:\WINDOWS\SYSTEM32\WINMMBASE.dll
0x753f0000 - 0x7542b000 	C:\WINDOWS\System32\cfgmgr32.dll
0x72550000 - 0x7255c000 	C:\Program Files (x86)\Java\jdk1.8.0_201\jre\bin\verify.dll
0x72520000 - 0x72541000 	C:\Program Files (x86)\Java\jdk1.8.0_201\jre\bin\java.dll
0x724d0000 - 0x724fb000 	C:\Program Files (x86)\Java\jdk1.8.0_201\jre\bin\jdwp.dll
0x724c0000 - 0x724c7000 	C:\Program Files (x86)\Java\jdk1.8.0_201\jre\bin\npt.dll
0x72500000 - 0x72514000 	C:\Program Files (x86)\Java\jdk1.8.0_201\jre\bin\zip.dll
0x75f50000 - 0x7649e000 	C:\WINDOWS\System32\SHELL32.dll
0x75280000 - 0x75309000 	C:\WINDOWS\System32\shcore.dll
0x75790000 - 0x75d8c000 	C:\WINDOWS\System32\windows.storage.dll
0x75430000 - 0x7544c000 	C:\WINDOWS\System32\profapi.dll
0x76bd0000 - 0x76c24000 	C:\WINDOWS\System32\powrprof.dll
0x76b80000 - 0x76bc4000 	C:\WINDOWS\System32\shlwapi.dll
0x75510000 - 0x7551f000 	C:\WINDOWS\System32\kernel.appcore.dll
0x76d70000 - 0x76d82000 	C:\WINDOWS\System32\cryptsp.dll
0x724b0000 - 0x724b8000 	C:\Program Files (x86)\Java\jdk1.8.0_201\jre\bin\dt_socket.dll
0x71fb0000 - 0x72002000 	C:\WINDOWS\system32\mswsock.dll
0x72300000 - 0x7248f000 	C:\WINDOWS\SYSTEM32\dbghelp.dll

VM Arguments:
jvm_args: -agentlib:jdwp=transport=dt_socket,address=127.0.0.1:62343,suspend=y,server=n -Dfile.encoding=UTF-8 
java_command: task3.Palindrome
java_class_path (initial): C:\Program Files (x86)\Java\jdk1.8.0_201\jre\lib\charsets.jar;C:\Program Files (x86)\Java\jdk1.8.0_201\jre\lib\deploy.jar;C:\Program Files (x86)\Java\jdk1.8.0_201\jre\lib\ext\access-bridge-32.jar;C:\Program Files (x86)\Java\jdk1.8.0_201\jre\lib\ext\cldrdata.jar;C:\Program Files (x86)\Java\jdk1.8.0_201\jre\lib\ext\dnsns.jar;C:\Program Files (x86)\Java\jdk1.8.0_201\jre\lib\ext\jaccess.jar;C:\Program Files (x86)\Java\jdk1.8.0_201\jre\lib\ext\jfxrt.jar;C:\Program Files (x86)\Java\jdk1.8.0_201\jre\lib\ext\localedata.jar;C:\Program Files (x86)\Java\jdk1.8.0_201\jre\lib\ext\nashorn.jar;C:\Program Files (x86)\Java\jdk1.8.0_201\jre\lib\ext\sunec.jar;C:\Program Files (x86)\Java\jdk1.8.0_201\jre\lib\ext\sunjce_provider.jar;C:\Program Files (x86)\Java\jdk1.8.0_201\jre\lib\ext\sunmscapi.jar;C:\Program Files (x86)\Java\jdk1.8.0_201\jre\lib\ext\sunpkcs11.jar;C:\Program Files (x86)\Java\jdk1.8.0_201\jre\lib\ext\zipfs.jar;C:\Program Files (x86)\Java\jdk1.8.0_201\jre\lib\javaws.jar;C:\Program Files (x86)\Java\jdk1.8.0_201\jre\lib\jce.jar;C:\Program Files (x86)\Java\jdk1.8.0_201\jre\lib\jfr.jar;C:\Program Files (x86)\Java\jdk1.8.0_201\jre\lib\jfxswt.jar;C:\Program Files (x86)\Java\jdk1.8.0_201\jre\lib\jsse.jar;C:\Program Files (x86)\Java\jdk1.8.0_201\jre\lib\management-agent.jar;C:\Program Files (x86)\Java\jdk1.8.0_201\jre\lib\plugin.jar;C:\Program Files (x86)\Java\jdk1.8.0_201\jre\lib\resources.jar;C:\Program Files (x86)\Java\jdk1.8.0_201\jre\lib\rt.jar;E:\epam\epam_projects\strings\target\classes;C:\Program Files (x86)\JetBrains\IntelliJ IDEA 2017.1\lib\idea_rt.jar
Launcher Type: SUN_STANDARD

Environment Variables:
JAVA_HOME=C:\Program Files (x86)\Java\jdk1.8.0_201
PATH=C:\Program Files\Microsoft MPI\Bin\;C:\Program Files (x86)\Common Files\Oracle\Java\javapath;C:\WINDOWS\system32;C:\WINDOWS;C:\WINDOWS\System32\Wbem;C:\WINDOWS\System32\WindowsPowerShell\v1.0\;C:\Program Files (x86)\maven\bin;C:\Program Files\Git\cmd;C:\WINDOWS\System32\OpenSSH\;C:\Users\Andre\AppData\Local\Microsoft\WindowsApps;
USERNAME=Andre
OS=Windows_NT
PROCESSOR_IDENTIFIER=Intel64 Family 6 Model 92 Stepping 9, GenuineIntel



---------------  S Y S T E M  ---------------

OS: Windows 10.0 , 64 bit Build 17763 (10.0.17763.475)

CPU:total 4 (initial active 4) (4 cores per cpu, 1 threads per core) family 6 model 92 stepping 9, cmov, cx8, fxsr, mmx, sse, sse2, sse3, ssse3, sse4.1, sse4.2, popcnt, aes, clmul, erms, 3dnowpref, tsc, tscinvbit

Memory: 4k page, physical 4054516k(1077200k free), swap 7793716k(1488908k free)

vm_info: Java HotSpot(TM) Client VM (25.201-b09) for windows-x86 JRE (1.8.0_201-b09), built on Dec 16 2018 00:13:48 by "java_re" with MS VC++ 10.0 (VS2010)

time: Thu May 09 13:22:37 2019
timezone: Финляндия (лето)
elapsed time: 227 seconds (0d 0h 3m 47s)

